0 info it worked if it ends with ok
1 verbose cli [ 'C:\\Program Files\\nodejs\\node.exe',
1 verbose cli   'C:\\Program Files\\nodejs\\node_modules\\npm\\bin\\npm-cli.js',
1 verbose cli   'start' ]
2 info using npm@3.6.0
3 info using node@v5.6.0
4 verbose run-script [ 'prestart', 'start', 'poststart' ]
5 info lifecycle gatech-swapr-server-node@1.0.0~prestart: gatech-swapr-server-node@1.0.0
6 silly lifecycle gatech-swapr-server-node@1.0.0~prestart: no script for prestart, continuing
7 info lifecycle gatech-swapr-server-node@1.0.0~start: gatech-swapr-server-node@1.0.0
8 verbose lifecycle gatech-swapr-server-node@1.0.0~start: unsafe-perm in lifecycle true
9 verbose lifecycle gatech-swapr-server-node@1.0.0~start: PATH: C:\Program Files\nodejs\node_modules\npm\bin\node-gyp-bin;C:\Users\Hannah\Documents\gatech-swapr-server-node\node_modules\.bin;C:\Program Files (x86)\PHP\v5.6;C:\ProgramData\Oracle\Java\javapath;C:\WINDOWS\system32;C:\WINDOWS;C:\WINDOWS\System32\Wbem;C:\WINDOWS\System32\WindowsPowerShell\v1.0\;C:\Program Files\Intel\WiFi\bin\;C:\Program Files\Common Files\Intel\WirelessCommon\;C:\Program Files (x86)\PharosSystems\Core;C:\Users\Hannah\.dnx\bin;C:\Program Files\Microsoft DNX\Dnvm\;C:\Program Files\nodejs\;C:\Program Files (x86)\Git\bin;C:\Program Files (x86)\Git\cmd;C:\Program Files (x86)\Microsoft SQL Server\Client SDK\ODBC\110\Tools\Binn\;C:\Program Files (x86)\Microsoft SQL Server\120\Tools\Binn\ManagementStudio\;C:\Program Files (x86)\Microsoft SQL Server\120\Tools\Binn\;C:\Program Files (x86)\Microsoft SQL Server\120\DTS\Binn\;C:\Ruby22\bin;C:\Python27\;C:\Python27\Scripts\;C:\Users\Hannah\Documents\CS\CS2340\gradle\gradle-2.4\bin;C:\cygwin\bin;C:\Users\Hannah\AppData\Roaming\npm;;C:\WINDOWS\system32;C:\WINDOWS;C:\WINDOWS\System32\Wbem;C:\WINDOWS\System32\WindowsPowerShell\v1.0\;C:\Program Files\TortoiseSVN\bin;C:\Ruby22\bin;C:\ProgramData\Oracle\Java\javapath;C:\WINDOWS\system32;C:\WINDOWS;C:\WINDOWS\System32\Wbem;C:\WINDOWS\System32\WindowsPowerShell\v1.0\;C:\Program Files\Intel\WiFi\bin\;C:\Program Files\Common Files\Intel\WirelessCommon\;C:\Python27\;C:\Python27\Scripts\;C:\Users\Hannah\Documents\CS\CS2340\gradle\gradle-2.4\bin;C:\cygwin\bin;C:\Users\Hannah\AppData\Roaming\npm;%USERPROFILE%\AppData\Local\Microsoft\WindowsApps;
10 verbose lifecycle gatech-swapr-server-node@1.0.0~start: CWD: C:\Users\Hannah\Documents\gatech-swapr-server-node
11 silly lifecycle gatech-swapr-server-node@1.0.0~start: Args: [ '/d /s /c', 'node ./bin/www' ]
12 silly lifecycle gatech-swapr-server-node@1.0.0~start: Returned: code: 1  signal: null
13 info lifecycle gatech-swapr-server-node@1.0.0~start: Failed to exec start script
14 verbose stack Error: gatech-swapr-server-node@1.0.0 start: `node ./bin/www`
14 verbose stack Exit status 1
14 verbose stack     at EventEmitter.<anonymous> (C:\Program Files\nodejs\node_modules\npm\lib\utils\lifecycle.js:232:16)
14 verbose stack     at emitTwo (events.js:100:13)
14 verbose stack     at EventEmitter.emit (events.js:185:7)
14 verbose stack     at ChildProcess.<anonymous> (C:\Program Files\nodejs\node_modules\npm\lib\utils\spawn.js:24:14)
14 verbose stack     at emitTwo (events.js:100:13)
14 verbose stack     at ChildProcess.emit (events.js:185:7)
14 verbose stack     at maybeClose (internal/child_process.js:827:16)
14 verbose stack     at Process.ChildProcess._handle.onexit (internal/child_process.js:211:5)
15 verbose pkgid gatech-swapr-server-node@1.0.0
16 verbose cwd C:\Users\Hannah\Documents\gatech-swapr-server-node
17 error Windows_NT 10.0.14393
18 error argv "C:\\Program Files\\nodejs\\node.exe" "C:\\Program Files\\nodejs\\node_modules\\npm\\bin\\npm-cli.js" "start"
19 error node v5.6.0
20 error npm  v3.6.0
21 error code ELIFECYCLE
22 error gatech-swapr-server-node@1.0.0 start: `node ./bin/www`
22 error Exit status 1
23 error Failed at the gatech-swapr-server-node@1.0.0 start script 'node ./bin/www'.
23 error Make sure you have the latest version of node.js and npm installed.
23 error If you do, this is most likely a problem with the gatech-swapr-server-node package,
23 error not with npm itself.
23 error Tell the author that this fails on your system:
23 error     node ./bin/www
23 error You can get information on how to open an issue for this project with:
23 error     npm bugs gatech-swapr-server-node
23 error Or if that isn't available, you can get their info via:
23 error     npm owner ls gatech-swapr-server-node
23 error There is likely additional logging output above.
24 verbose exit [ 1, true ]
